<?xml version="1.0" encoding="UTF-8"?>
<!-- Generated by org.testng.reporters.JUnitReportReporter -->
<testsuite hostname="USBLRKARKB4" failures="0" tests="4" name="com.firstframework.tests.SubmitOrderTest" time="66.428" errors="0" timestamp="2024-08-27T00:07:41 IST" skipped="0">
  <testcase classname="com.firstframework.tests.SubmitOrderTest" name="orderHistoryPageValidation" time="8.972"/>
  <testcase classname="com.firstframework.tests.SubmitOrderTest" name="orderHistoryPageValidation" time="9.026"/>
  <testcase classname="com.firstframework.tests.SubmitOrderTest" name="SubmitOrder" time="24.348"/>
  <testcase classname="com.firstframework.tests.SubmitOrderTest" name="SubmitOrder" time="24.082"/>
</testsuite> <!-- com.firstframework.tests.SubmitOrderTest -->
